# JRE version: Java(TM) SE Runtime Environment (17.0.1+12) (build 17.0.1+12-LTS-39)
# Java VM: Java HotSpot(TM) 64-Bit Server VM (17.0.1+12-LTS-39, mixed mode, sharing, tiered, compressed oops, compressed class ptrs, g1 gc, windows-amd64)
GC Precious Log:
 CPUs: 8 total, 8 available
 Memory: 7968M
 Large Page Support: Disabled
 NUMA Support: Disabled
 Compressed Oops: Enabled (32-bit)
 Heap Region Size: 1M
 Heap Min Capacity: 8M
 Heap Initial Capacity: 126M
 Heap Max Capacity: 1994M
 Pre-touch: Disabled
 Parallel Workers: 8
 Concurrent Workers: 2
 Concurrent Refinement Workers: 8
 Periodic GC: Disabled
Heap:
 garbage-first heap   total 105472K, used 69567K [0x0000000083600000, 0x0000000100000000)
  region size 1024K, 16 young (16384K), 1 survivors (1024K)
 Metaspace       used 76585K, committed 76928K, reserved 1122304K
  class space    used 8632K, committed 8768K, reserved 1048576K
GC Heap History (20 events):
Event: 3.044 GC heap before
{Heap before GC invocations=10 (full 0):
 garbage-first heap   total 64512K, used 49826K [0x0000000083600000, 0x0000000100000000)
  region size 1024K, 30 young (30720K), 3 survivors (3072K)
 Metaspace       used 47606K, committed 47872K, reserved 1097728K
  class space    used 5910K, committed 6016K, reserved 1048576K
}
Event: 3.058 GC heap after
{Heap after GC invocations=11 (full 0):
 garbage-first heap   total 64512K, used 31366K [0x0000000083600000, 0x0000000100000000)
  region size 1024K, 4 young (4096K), 4 survivors (4096K)
 Metaspace       used 47606K, committed 47872K, reserved 1097728K
  class space    used 5910K, committed 6016K, reserved 1048576K
}
Event: 3.328 GC heap before
{Heap before GC invocations=11 (full 0):
 garbage-first heap   total 64512K, used 46726K [0x0000000083600000, 0x0000000100000000)
  region size 1024K, 20 young (20480K), 4 survivors (4096K)
 Metaspace       used 49201K, committed 49536K, reserved 1097728K
  class space    used 6061K, committed 6208K, reserved 1048576K
}
Event: 3.338 GC heap after
{Heap after GC invocations=12 (full 0):
 garbage-first heap   total 64512K, used 34572K [0x0000000083600000, 0x0000000100000000)
  region size 1024K, 3 young (3072K), 3 survivors (3072K)
 Metaspace       used 49201K, committed 49536K, reserved 1097728K
  class space    used 6061K, committed 6208K, reserved 1048576K
}
Event: 3.616 GC heap before
{Heap before GC invocations=12 (full 0):
 garbage-first heap   total 64512K, used 48908K [0x0000000083600000, 0x0000000100000000)
  region size 1024K, 17 young (17408K), 3 survivors (3072K)
 Metaspace       used 50581K, committed 50880K, reserved 1097728K
  class space    used 6246K, committed 6400K, reserved 1048576K
}
Event: 3.627 GC heap after
{Heap after GC invocations=13 (full 0):
 garbage-first heap   total 64512K, used 38242K [0x0000000083600000, 0x0000000100000000)
  region size 1024K, 3 young (3072K), 3 survivors (3072K)
 Metaspace       used 50581K, committed 50880K, reserved 1097728K
  class space    used 6246K, committed 6400K, reserved 1048576K
}
Event: 3.874 GC heap before
{Heap before GC invocations=14 (full 0):
 garbage-first heap   total 68608K, used 49506K [0x0000000083600000, 0x0000000100000000)
  region size 1024K, 14 young (14336K), 3 survivors (3072K)
 Metaspace       used 51077K, committed 51328K, reserved 1097728K
  class space    used 6287K, committed 6400K, reserved 1048576K
}
Event: 3.883 GC heap after
{Heap after GC invocations=15 (full 0):
 garbage-first heap   total 68608K, used 40864K [0x0000000083600000, 0x0000000100000000)
  region size 1024K, 2 young (2048K), 2 survivors (2048K)
 Metaspace       used 51077K, committed 51328K, reserved 1097728K
  class space    used 6287K, committed 6400K, reserved 1048576K
}
Event: 3.968 GC heap before
{Heap before GC invocations=15 (full 0):
 garbage-first heap   total 68608K, used 53152K [0x0000000083600000, 0x0000000100000000)
  region size 1024K, 14 young (14336K), 2 survivors (2048K)
 Metaspace       used 51362K, committed 51648K, reserved 1097728K
  class space    used 6311K, committed 6464K, reserved 1048576K
}
Event: 3.982 GC heap after
{Heap after GC invocations=16 (full 0):
 garbage-first heap   total 105472K, used 44264K [0x0000000083600000, 0x0000000100000000)
  region size 1024K, 2 young (2048K), 2 survivors (2048K)
 Metaspace       used 51362K, committed 51648K, reserved 1097728K
  class space    used 6311K, committed 6464K, reserved 1048576K
}
Event: 4.600 GC heap before
{Heap before GC invocations=17 (full 0):
 garbage-first heap   total 105472K, used 74984K [0x0000000083600000, 0x0000000100000000)
  region size 1024K, 33 young (33792K), 2 survivors (2048K)
 Metaspace       used 54988K, committed 55296K, reserved 1105920K
  class space    used 6634K, committed 6784K, reserved 1048576K
}
Event: 4.617 GC heap after
{Heap after GC invocations=18 (full 0):
 garbage-first heap   total 105472K, used 49056K [0x0000000083600000, 0x0000000100000000)
  region size 1024K, 5 young (5120K), 5 survivors (5120K)
 Metaspace       used 54988K, committed 55296K, reserved 1105920K
  class space    used 6634K, committed 6784K, reserved 1048576K
}
Event: 5.163 GC heap before
{Heap before GC invocations=18 (full 0):
 garbage-first heap   total 105472K, used 77728K [0x0000000083600000, 0x0000000100000000)
  region size 1024K, 33 young (33792K), 5 survivors (5120K)
 Metaspace       used 60869K, committed 61184K, reserved 1105920K
  class space    used 7205K, committed 7360K, reserved 1048576K
}
Event: 5.176 GC heap after
{Heap after GC invocations=19 (full 0):
 garbage-first heap   total 105472K, used 52250K [0x0000000083600000, 0x0000000100000000)
  region size 1024K, 3 young (3072K), 3 survivors (3072K)
 Metaspace       used 60869K, committed 61184K, reserved 1105920K
  class space    used 7205K, committed 7360K, reserved 1048576K
}
Event: 5.593 GC heap before
{Heap before GC invocations=19 (full 0):
 garbage-first heap   total 105472K, used 79898K [0x0000000083600000, 0x0000000100000000)
  region size 1024K, 30 young (30720K), 3 survivors (3072K)
 Metaspace       used 66770K, committed 67072K, reserved 1114112K
  class space    used 7747K, committed 7872K, reserved 1048576K
}
Event: 5.599 GC heap after
{Heap after GC invocations=20 (full 0):
 garbage-first heap   total 105472K, used 53889K [0x0000000083600000, 0x0000000100000000)
  region size 1024K, 2 young (2048K), 2 survivors (2048K)
 Metaspace       used 66770K, committed 67072K, reserved 1114112K
  class space    used 7747K, committed 7872K, reserved 1048576K
}
Event: 6.256 GC heap before
{Heap before GC invocations=21 (full 0):
 garbage-first heap   total 105472K, used 81537K [0x0000000083600000, 0x0000000100000000)
  region size 1024K, 29 young (29696K), 2 survivors (2048K)
 Metaspace       used 73806K, committed 74112K, reserved 1122304K
  class space    used 8391K, committed 8512K, reserved 1048576K
}
Event: 6.262 GC heap after
{Heap after GC invocations=22 (full 0):
 garbage-first heap   total 105472K, used 55271K [0x0000000083600000, 0x0000000100000000)
  region size 1024K, 4 young (4096K), 4 survivors (4096K)
 Metaspace       used 73806K, committed 74112K, reserved 1122304K
  class space    used 8391K, committed 8512K, reserved 1048576K
}
Event: 6.277 GC heap before
{Heap before GC invocations=22 (full 0):
 garbage-first heap   total 105472K, used 56295K [0x0000000083600000, 0x0000000100000000)
  region size 1024K, 5 young (5120K), 4 survivors (4096K)
 Metaspace       used 74055K, committed 74368K, reserved 1122304K
  class space    used 8411K, committed 8576K, reserved 1048576K
}
Event: 6.284 GC heap after
{Heap after GC invocations=23 (full 0):
 garbage-first heap   total 105472K, used 55231K [0x0000000083600000, 0x0000000100000000)
  region size 1024K, 1 young (1024K), 1 survivors (1024K)
 Metaspace       used 74055K, committed 74368K, reserved 1122304K
  class space    used 8411K, committed 8576K, reserved 1048576K
}

